Using pre-set license
Built from '2021.3/staging' branch; Version is '2021.3.0f1 (6eacc8284459) revision 7253192'; Using compiler version '192829333'; Build Type 'Release'
OS: 'Windows 10  (10.0.19044) 64bit Core' Language: 'ru' Physical Memory: 20275 MB
BatchMode: 1, IsHumanControllingUs: 0, StartBugReporterOnCrash: 0, Is64bit: 1, IsPro: 1

COMMAND LINE ARGUMENTS:
C:\Users\tkhab\Documents\Unity Projects\2021.3.0f1\Editor\Unity.exe
-adb2
-batchMode
-noUpm
-name
AssetImportWorker2
-projectPath
C:/Users/tkhab/Documents/Unity Projects/Asteroids
-logFile
Logs/AssetImportWorker2.log
-srvPort
50710
Successfully changed project path to: C:/Users/tkhab/Documents/Unity Projects/Asteroids
C:/Users/tkhab/Documents/Unity Projects/Asteroids
[UnityMemory] Configuration Parameters - Can be set up in boot.config
    "memorysetup-bucket-allocator-granularity=16"
    "memorysetup-bucket-allocator-bucket-count=8"
    "memorysetup-bucket-allocator-block-size=33554432"
    "memorysetup-bucket-allocator-block-count=8"
    "memorysetup-main-allocator-block-size=16777216"
    "memorysetup-thread-allocator-block-size=16777216"
    "memorysetup-gfx-main-allocator-block-size=16777216"
    "memorysetup-gfx-thread-allocator-block-size=16777216"
    "memorysetup-cache-allocator-block-size=4194304"
    "memorysetup-typetree-allocator-block-size=2097152"
    "memorysetup-profiler-bucket-allocator-granularity=16"
    "memorysetup-profiler-bucket-allocator-bucket-count=8"
    "memorysetup-profiler-bucket-allocator-block-size=33554432"
    "memorysetup-profiler-bucket-allocator-block-count=8"
    "memorysetup-profiler-allocator-block-size=16777216"
    "memorysetup-profiler-editor-allocator-block-size=1048576"
    "memorysetup-temp-allocator-size-main=16777216"
    "memorysetup-job-temp-allocator-block-size=2097152"
    "memorysetup-job-temp-allocator-block-size-background=1048576"
    "memorysetup-job-temp-allocator-reduction-small-platforms=262144"
    "memorysetup-temp-allocator-size-background-worker=32768"
    "memorysetup-temp-allocator-size-job-worker=262144"
    "memorysetup-temp-allocator-size-preload-manager=33554432"
    "memorysetup-temp-allocator-size-nav-mesh-worker=65536"
    "memorysetup-temp-allocator-size-audio-worker=65536"
    "memorysetup-temp-allocator-size-cloud-worker=32768"
    "memorysetup-temp-allocator-size-gi-baking-worker=262144"
    "memorysetup-temp-allocator-size-gfx=262144"
Refreshing native plugins compatible for Editor in 169.63 ms, found 4 plugins.
Preloading 0 native plugins for Editor in 0.00 ms.
Initialize engine version: 2021.3.0f1 (6eacc8284459)
[Subsystems] Discovering subsystems at path C:/Users/tkhab/Documents/Unity Projects/2021.3.0f1/Editor/Data/Resources/UnitySubsystems
[Subsystems] Discovering subsystems at path C:/Users/tkhab/Documents/Unity Projects/Asteroids/Assets
GfxDevice: creating device client; threaded=0; jobified=0
Direct3D:
    Version:  Direct3D 11.0 [level 11.1]
    Renderer: NVIDIA GeForce GTX 1660 Ti with Max-Q Design (ID=0x2191)
    Vendor:   NVIDIA
    VRAM:     5991 MB
    Driver:   30.0.15.1179
Initialize mono
Mono path[0] = 'C:/Users/tkhab/Documents/Unity Projects/2021.3.0f1/Editor/Data/Managed'
Mono path[1] = 'C:/Users/tkhab/Documents/Unity Projects/2021.3.0f1/Editor/Data/MonoBleedingEdge/lib/mono/unityjit-win32'
Mono config path = 'C:/Users/tkhab/Documents/Unity Projects/2021.3.0f1/Editor/Data/MonoBleedingEdge/etc'
Using monoOptions --debugger-agent=transport=dt_socket,embedding=1,server=y,suspend=n,address=127.0.0.1:56480
Begin MonoManager ReloadAssembly
Registering precompiled unity dll's ...
Register platform support module: C:/Users/tkhab/Documents/Unity Projects/2021.3.0f1/Editor/Data/PlaybackEngines/WebGLSupport/UnityEditor.WebGL.Extensions.dll
Register platform support module: C:/Users/tkhab/Documents/Unity Projects/2021.3.0f1/Editor/Data/PlaybackEngines/AndroidPlayer/UnityEditor.Android.Extensions.dll
Register platform support module: C:/Users/tkhab/Documents/Unity Projects/2021.3.0f1/Editor/Data/PlaybackEngines/WindowsStandaloneSupport/UnityEditor.WindowsStandalone.Extensions.dll
Registered in 0.013168 seconds.
Native extension for WindowsStandalone target not found
Native extension for Android target not found
Native extension for WebGL target not found
Refreshing native plugins compatible for Editor in 131.91 ms, found 4 plugins.
Preloading 0 native plugins for Editor in 0.00 ms.
Mono: successfully reloaded assembly
- Completed reload, in  1.138 seconds
Domain Reload Profiling:
	ReloadAssembly (1139ms)
		BeginReloadAssembly (118ms)
			ExecutionOrderSort (0ms)
			DisableScriptedObjects (0ms)
			BackupInstance (0ms)
			ReleaseScriptingObjects (0ms)
			CreateAndSetChildDomain (1ms)
		EndReloadAssembly (842ms)
			LoadAssemblies (115ms)
			RebuildTransferFunctionScriptingTraits (0ms)
			SetupTypeCache (172ms)
			ReleaseScriptCaches (0ms)
			RebuildScriptCaches (43ms)
			SetupLoadedEditorAssemblies (555ms)
				LogAssemblyErrors (0ms)
				InitializePlatformSupportModulesInManaged (103ms)
				SetLoadedEditorAssemblies (3ms)
				RefreshPlugins (132ms)
				BeforeProcessingInitializeOnLoad (2ms)
				ProcessInitializeOnLoadAttributes (190ms)
				ProcessInitializeOnLoadMethodAttributes (124ms)
				AfterProcessingInitializeOnLoad (0ms)
				EditorAssembliesLoaded (0ms)
			ExecutionOrderSort2 (0ms)
			AwakeInstancesAfterBackupRestoration (0ms)
Platform modules already initialized, skipping
Registering precompiled user dll's ...
Registered in 0.009064 seconds.
Android Extension - Scanning For ADB Devices 4806 ms
Begin MonoManager ReloadAssembly
Symbol file LoadedFromMemory doesn't match image C:\Users\tkhab\Documents\Unity Projects\Asteroids\Library\PackageCache\com.unity.visualscripting@1.7.6\Editor\VisualScripting.Core\Dependencies\YamlDotNet\Unity.VisualScripting.YamlDotNet.dll
Symbol file LoadedFromMemory is not a mono symbol file
Symbol file LoadedFromMemory doesn't match image C:\Users\tkhab\Documents\Unity Projects\Asteroids\Library\PackageCache\com.unity.visualscripting@1.7.6\Editor\VisualScripting.Core\Dependencies\DotNetZip\Unity.VisualScripting.IonicZip.dll
Native extension for WindowsStandalone target not found
Native extension for Android target not found
Native extension for WebGL target not found
Refreshing native plugins compatible for Editor in 101.03 ms, found 4 plugins.
Preloading 0 native plugins for Editor in 0.00 ms.
Mono: successfully reloaded assembly
- Completed reload, in  1.521 seconds
Domain Reload Profiling:
	ReloadAssembly (1522ms)
		BeginReloadAssembly (127ms)
			ExecutionOrderSort (0ms)
			DisableScriptedObjects (6ms)
			BackupInstance (0ms)
			ReleaseScriptingObjects (0ms)
			CreateAndSetChildDomain (28ms)
		EndReloadAssembly (1261ms)
			LoadAssemblies (126ms)
			RebuildTransferFunctionScriptingTraits (0ms)
			SetupTypeCache (404ms)
			ReleaseScriptCaches (1ms)
			RebuildScriptCaches (64ms)
			SetupLoadedEditorAssemblies (606ms)
				LogAssemblyErrors (0ms)
				InitializePlatformSupportModulesInManaged (17ms)
				SetLoadedEditorAssemblies (0ms)
				RefreshPlugins (101ms)
				BeforeProcessingInitializeOnLoad (114ms)
				ProcessInitializeOnLoadAttributes (316ms)
				ProcessInitializeOnLoadMethodAttributes (47ms)
				AfterProcessingInitializeOnLoad (9ms)
				EditorAssembliesLoaded (0ms)
			ExecutionOrderSort2 (0ms)
			AwakeInstancesAfterBackupRestoration (7ms)
Platform modules already initialized, skipping
========================================================================
Worker process is ready to serve import requests
Launched and connected shader compiler UnityShaderCompiler.exe after 0.15 seconds
Refreshing native plugins compatible for Editor in 1.46 ms, found 4 plugins.
Preloading 0 native plugins for Editor in 0.00 ms.
Unloading 3995 Unused Serialized files (Serialized files now loaded: 0)
Unloading 40 unused Assets / (225.7 KB). Loaded Objects now: 4452.
Memory consumption went from 151.2 MB to 151.0 MB.
Total: 3.673700 ms (FindLiveObjects: 0.377800 ms CreateObjectMapping: 0.364100 ms MarkObjects: 2.779500 ms  DeleteObjects: 0.151200 ms)

AssetImportParameters requested are different than current active one (requested -> active):
  custom:video-decoder-ogg-theora: a1e56fd34408186e4bbccfd4996cb3dc -> 
  custom:container-muxer-webm: aa71ff27fc2769a1b78a27578f13a17b -> 
  custom:container-demuxer-webm: 4f35f7cbe854078d1ac9338744f61a02 -> 
  custom:video-encoder-webm-vp8: eb34c28f22e8b96e1ab97ce403110664 -> 
  custom:video-codec-MediaFoundation-h265: 746d11721c4dcdbdad8f713fa42b33f4 -> 
  custom:audio-encoder-webm-vorbis: bf7c407c2cedff20999df2af8eb42d56 -> 
  custom:framework-win-MediaFoundation: 216162199b28c13a410421893ffa2e32 -> 
  custom:container-demuxer-ogg: 62fdf1f143b41e24485cea50d1cbac27 -> 
  custom:video-decoder-webm-vp8: 9c59270c3fd7afecdb556c50c9e8de78 -> 
  custom:audio-decoder-ogg-vorbis: bf7c407c2cedff20999df2af8eb42d56 -> 
========================================================================
Received Prepare
Registering precompiled user dll's ...
Registered in 0.007279 seconds.
Begin MonoManager ReloadAssembly
Symbol file LoadedFromMemory doesn't match image C:\Users\tkhab\Documents\Unity Projects\Asteroids\Library\PackageCache\com.unity.visualscripting@1.7.6\Editor\VisualScripting.Core\Dependencies\YamlDotNet\Unity.VisualScripting.YamlDotNet.dll
Symbol file LoadedFromMemory is not a mono symbol file
Symbol file LoadedFromMemory doesn't match image C:\Users\tkhab\Documents\Unity Projects\Asteroids\Library\PackageCache\com.unity.visualscripting@1.7.6\Editor\VisualScripting.Core\Dependencies\DotNetZip\Unity.VisualScripting.IonicZip.dll
Native extension for WindowsStandalone target not found
Native extension for Android target not found
Native extension for WebGL target not found
Refreshing native plugins compatible for Editor in 0.88 ms, found 4 plugins.
Preloading 0 native plugins for Editor in 0.00 ms.
Mono: successfully reloaded assembly
- Completed reload, in  1.132 seconds
Domain Reload Profiling:
	ReloadAssembly (1133ms)
		BeginReloadAssembly (191ms)
			ExecutionOrderSort (0ms)
			DisableScriptedObjects (11ms)
			BackupInstance (0ms)
			ReleaseScriptingObjects (0ms)
			CreateAndSetChildDomain (49ms)
		EndReloadAssembly (840ms)
			LoadAssemblies (120ms)
			RebuildTransferFunctionScriptingTraits (0ms)
			SetupTypeCache (255ms)
			ReleaseScriptCaches (1ms)
			RebuildScriptCaches (50ms)
			SetupLoadedEditorAssemblies (373ms)
				LogAssemblyErrors (0ms)
				InitializePlatformSupportModulesInManaged (28ms)
				SetLoadedEditorAssemblies (1ms)
				RefreshPlugins (1ms)
				BeforeProcessingInitializeOnLoad (90ms)
				ProcessInitializeOnLoadAttributes (198ms)
				ProcessInitializeOnLoadMethodAttributes (42ms)
				AfterProcessingInitializeOnLoad (13ms)
				EditorAssembliesLoaded (0ms)
			ExecutionOrderSort2 (0ms)
			AwakeInstancesAfterBackupRestoration (9ms)
Platform modules already initialized, skipping
Refreshing native plugins compatible for Editor in 3.45 ms, found 4 plugins.
Preloading 0 native plugins for Editor in 0.00 ms.
Unloading 3977 Unused Serialized files (Serialized files now loaded: 0)
Unloading 27 unused Assets / (192.9 KB). Loaded Objects now: 4455.
Memory consumption went from 149.9 MB to 149.7 MB.
Total: 3.187100 ms (FindLiveObjects: 0.312000 ms CreateObjectMapping: 0.228900 ms MarkObjects: 2.499600 ms  DeleteObjects: 0.145300 ms)

AssetImportParameters requested are different than current active one (requested -> active):
  custom:video-decoder-ogg-theora: a1e56fd34408186e4bbccfd4996cb3dc -> 
  custom:container-muxer-webm: aa71ff27fc2769a1b78a27578f13a17b -> 
  custom:container-demuxer-webm: 4f35f7cbe854078d1ac9338744f61a02 -> 
  custom:video-encoder-webm-vp8: eb34c28f22e8b96e1ab97ce403110664 -> 
  custom:video-codec-MediaFoundation-h265: 746d11721c4dcdbdad8f713fa42b33f4 -> 
  custom:audio-encoder-webm-vorbis: bf7c407c2cedff20999df2af8eb42d56 -> 
  custom:framework-win-MediaFoundation: 216162199b28c13a410421893ffa2e32 -> 
  custom:container-demuxer-ogg: 62fdf1f143b41e24485cea50d1cbac27 -> 
  custom:video-decoder-webm-vp8: 9c59270c3fd7afecdb556c50c9e8de78 -> 
  custom:audio-decoder-ogg-vorbis: bf7c407c2cedff20999df2af8eb42d56 -> 
========================================================================
Received Import Request.
  Time since last request: 864475.796863 seconds.
  path: Assets/Scripts/Enemies/EnemiesAsm.asmdef
  artifactKey: Guid(f613648e96d444b47abff4dfc035dde8) Importer(815301076,1909f56bfc062723c751e8b465ee728b)
Start importing Assets/Scripts/Enemies/EnemiesAsm.asmdef using Guid(f613648e96d444b47abff4dfc035dde8) Importer(815301076,1909f56bfc062723c751e8b465ee728b)  -> (artifact id: '5fc556c1ba68e3a9e63972de7c695667') in 0.025925 seconds 
========================================================================
Received Import Request.
  Time since last request: 2.424528 seconds.
  path: Assets/Scripts/Editor/Editor.asmdef
  artifactKey: Guid(eeb277dbb9a23464d83547173ef32568) Importer(815301076,1909f56bfc062723c751e8b465ee728b)
Start importing Assets/Scripts/Editor/Editor.asmdef using Guid(eeb277dbb9a23464d83547173ef32568) Importer(815301076,1909f56bfc062723c751e8b465ee728b)  -> (artifact id: 'fcd9ad31d6da4c33c253cb0c5cf7d86a') in 0.005449 seconds 
========================================================================
Received Import Request.
  Time since last request: 6.242551 seconds.
  path: Assets/Scripts/Editor/EditorAsm.asmdef
  artifactKey: Guid(eeb277dbb9a23464d83547173ef32568) Importer(815301076,1909f56bfc062723c751e8b465ee728b)
Start importing Assets/Scripts/Editor/EditorAsm.asmdef using Guid(eeb277dbb9a23464d83547173ef32568) Importer(815301076,1909f56bfc062723c751e8b465ee728b)  -> (artifact id: 'c301cbf3df6dace9653e55cc83d97795') in 0.008825 seconds 
========================================================================
Received Import Request.
  Time since last request: 16.845488 seconds.
  path: Assets/Scripts/Environment
  artifactKey: Guid(4e3f7ec87efad424c802a0de2e15ce49) Importer(815301076,1909f56bfc062723c751e8b465ee728b)
Start importing Assets/Scripts/Environment using Guid(4e3f7ec87efad424c802a0de2e15ce49) Importer(815301076,1909f56bfc062723c751e8b465ee728b)  -> (artifact id: '91cece52f769860369faac2481fbcee0') in 0.010644 seconds 
========================================================================
Received Import Request.
  Time since last request: 42.231385 seconds.
  path: Assets/Scripts/Environment/Portal
  artifactKey: Guid(21473c4657cb5da4db4c2e2b088d0d85) Importer(815301076,1909f56bfc062723c751e8b465ee728b)
Start importing Assets/Scripts/Environment/Portal using Guid(21473c4657cb5da4db4c2e2b088d0d85) Importer(815301076,1909f56bfc062723c751e8b465ee728b)  -> (artifact id: 'de824041375ba79d9558be52b0520dcc') in 0.008235 seconds 
========================================================================
Received Import Request.
  Time since last request: 2.866929 seconds.
  path: Assets/Scripts/Environment/Portals
  artifactKey: Guid(21473c4657cb5da4db4c2e2b088d0d85) Importer(815301076,1909f56bfc062723c751e8b465ee728b)
Start importing Assets/Scripts/Environment/Portals using Guid(21473c4657cb5da4db4c2e2b088d0d85) Importer(815301076,1909f56bfc062723c751e8b465ee728b)  -> (artifact id: '20b5ab45f22864dc4a6d6bf548f01a5e') in 0.009902 seconds 
========================================================================
Received Import Request.
  Time since last request: 0.723215 seconds.
  path: Assets/Scripts/Environment/IPortal.cs
  artifactKey: Guid(3a9aae865ad89a24cb1bdc0e14b0bb9b) Importer(815301076,1909f56bfc062723c751e8b465ee728b)
Start importing Assets/Scripts/Environment/IPortal.cs using Guid(3a9aae865ad89a24cb1bdc0e14b0bb9b) Importer(815301076,1909f56bfc062723c751e8b465ee728b)  -> (artifact id: 'dad66c6682c87a5b4689c5e0f476b080') in 0.011601 seconds 
========================================================================
Received Import Request.
  Time since last request: 23.993926 seconds.
  path: Assets/Scripts/Editor/EditorAsm.asmdef
  artifactKey: Guid(eeb277dbb9a23464d83547173ef32568) Importer(815301076,1909f56bfc062723c751e8b465ee728b)
Start importing Assets/Scripts/Editor/EditorAsm.asmdef using Guid(eeb277dbb9a23464d83547173ef32568) Importer(815301076,1909f56bfc062723c751e8b465ee728b)  -> (artifact id: '98ba91e9d692e97fbc7771b41c4e0196') in 0.005464 seconds 
========================================================================
Received Import Request.
  Time since last request: 34.056306 seconds.
  path: Assets/Scripts/Environment/EnvironmentAsm.asmdef
  artifactKey: Guid(3afb9c1bd76f883489c426c1a128a287) Importer(815301076,1909f56bfc062723c751e8b465ee728b)
Start importing Assets/Scripts/Environment/EnvironmentAsm.asmdef using Guid(3afb9c1bd76f883489c426c1a128a287) Importer(815301076,1909f56bfc062723c751e8b465ee728b)  -> (artifact id: 'bacd2fcff811f673b64dda22feb789a8') in 0.010371 seconds 
========================================================================
Received Import Request.
  Time since last request: 10.288948 seconds.
  path: Assets/Scripts/Environment/Spawners/SpawnersAsm.asmdef
  artifactKey: Guid(cbadc651fd7d82a4680398f6dd38d7ee) Importer(815301076,1909f56bfc062723c751e8b465ee728b)
Start importing Assets/Scripts/Environment/Spawners/SpawnersAsm.asmdef using Guid(cbadc651fd7d82a4680398f6dd38d7ee) Importer(815301076,1909f56bfc062723c751e8b465ee728b)  -> (artifact id: 'f20bac7eb19c0b0d78647fb8738a0632') in 0.007593 seconds 
========================================================================
Received Import Request.
  Time since last request: 5.349582 seconds.
  path: Assets/Scripts/Movement
  artifactKey: Guid(5245df8cabc56eb4f821249d581983ff) Importer(815301076,1909f56bfc062723c751e8b465ee728b)
Start importing Assets/Scripts/Movement using Guid(5245df8cabc56eb4f821249d581983ff) Importer(815301076,1909f56bfc062723c751e8b465ee728b)  -> (artifact id: '6e4324ff32e90dee753e819cdfb1ba6d') in 0.012163 seconds 
========================================================================
Received Import Request.
  Time since last request: 9.630443 seconds.
  path: Assets/Scripts/Movement/MovementAsm.asmdef
  artifactKey: Guid(77f3760ed757d58438fc81db050fee3d) Importer(815301076,1909f56bfc062723c751e8b465ee728b)
Start importing Assets/Scripts/Movement/MovementAsm.asmdef using Guid(77f3760ed757d58438fc81db050fee3d) Importer(815301076,1909f56bfc062723c751e8b465ee728b)  -> (artifact id: '861f9c1cea13216b1e35f917210d310c') in 0.009661 seconds 
========================================================================
Received Import Request.
  Time since last request: 10.533240 seconds.
  path: Assets/Scripts/PlayerShip
  artifactKey: Guid(4a6bd732fa23fb647a668f4009df9a94) Importer(815301076,1909f56bfc062723c751e8b465ee728b)
Start importing Assets/Scripts/PlayerShip using Guid(4a6bd732fa23fb647a668f4009df9a94) Importer(815301076,1909f56bfc062723c751e8b465ee728b)  -> (artifact id: '3dbb3f3ac08b08a5539755b23a3b6c7c') in 0.012333 seconds 
========================================================================
Received Import Request.
  Time since last request: 9.721244 seconds.
  path: Assets/Scripts/PlayerShip/PlayerShipAsm.asmdef
  artifactKey: Guid(85077a101651db94d84ec738028b8bb9) Importer(815301076,1909f56bfc062723c751e8b465ee728b)
Start importing Assets/Scripts/PlayerShip/PlayerShipAsm.asmdef using Guid(85077a101651db94d84ec738028b8bb9) Importer(815301076,1909f56bfc062723c751e8b465ee728b)  -> (artifact id: '2a33232d7fed7547256d55b889f43858') in 0.007897 seconds 
========================================================================
Received Import Request.
  Time since last request: 28.080747 seconds.
  path: Assets/Scripts/UI/UIAsm.asmdef
  artifactKey: Guid(d1ce2eb3ac62f3f4daa47d8ff8450334) Importer(815301076,1909f56bfc062723c751e8b465ee728b)
Start importing Assets/Scripts/UI/UIAsm.asmdef using Guid(d1ce2eb3ac62f3f4daa47d8ff8450334) Importer(815301076,1909f56bfc062723c751e8b465ee728b)  -> (artifact id: '2806c71ad5476b7bd5465e2be574d46c') in 0.007680 seconds 
========================================================================
Received Import Request.
  Time since last request: 2.078833 seconds.
  path: Assets/Scripts/Weapons
  artifactKey: Guid(a2558535af5c6be4a9c48c39588664c8) Importer(815301076,1909f56bfc062723c751e8b465ee728b)
Start importing Assets/Scripts/Weapons using Guid(a2558535af5c6be4a9c48c39588664c8) Importer(815301076,1909f56bfc062723c751e8b465ee728b)  -> (artifact id: 'd98e1d0a139502c17b6d464dcb073ee5') in 0.010357 seconds 
========================================================================
Received Import Request.
  Time since last request: 6.775115 seconds.
  path: Assets/Scripts/Weapons/WeaponsAsm.asmdef
  artifactKey: Guid(2872c965144382a438a549afd2ec27f6) Importer(815301076,1909f56bfc062723c751e8b465ee728b)
Start importing Assets/Scripts/Weapons/WeaponsAsm.asmdef using Guid(2872c965144382a438a549afd2ec27f6) Importer(815301076,1909f56bfc062723c751e8b465ee728b)  -> (artifact id: '714172ba78c9c3777c09ebea26e65d15') in 0.010881 seconds 
========================================================================
Received Import Request.
  Time since last request: 16.473987 seconds.
  path: Packages/com.unity.ide.rider/Rider/Editor/com.unity.ide.rider.asmdef
  artifactKey: Guid(d528c8c98d269ca44a06cd9624a03945) Importer(815301076,1909f56bfc062723c751e8b465ee728b)
Start importing Packages/com.unity.ide.rider/Rider/Editor/com.unity.ide.rider.asmdef using Guid(d528c8c98d269ca44a06cd9624a03945) Importer(815301076,1909f56bfc062723c751e8b465ee728b)  -> (artifact id: 'b0f53e4b1e41ee2a233100344b30c9fb') in 0.013203 seconds 
========================================================================
Received Import Request.
  Time since last request: 0.000092 seconds.
  path: Packages/com.unity.2d.sprite/Editor/Unity.2D.Sprite.Editor.asmdef
  artifactKey: Guid(2c573e6b271651846a79655161004c5b) Importer(815301076,1909f56bfc062723c751e8b465ee728b)
Start importing Packages/com.unity.2d.sprite/Editor/Unity.2D.Sprite.Editor.asmdef using Guid(2c573e6b271651846a79655161004c5b) Importer(815301076,1909f56bfc062723c751e8b465ee728b)  -> (artifact id: 'f3790e1b7128df616aee81a57c727731') in 0.008420 seconds 
========================================================================
Received Import Request.
  Time since last request: 0.000059 seconds.
  path: Packages/com.unity.2d.psdimporter/Editor/Unity.2D.Psdimporter.Editor.asmdef
  artifactKey: Guid(bcb706ca0f6dd48449aa27a93faa899c) Importer(815301076,1909f56bfc062723c751e8b465ee728b)
Start importing Packages/com.unity.2d.psdimporter/Editor/Unity.2D.Psdimporter.Editor.asmdef using Guid(bcb706ca0f6dd48449aa27a93faa899c) Importer(815301076,1909f56bfc062723c751e8b465ee728b)  -> (artifact id: '1b0dfc9c79c1b8511c079b6cf6232145') in 0.011951 seconds 
========================================================================
Received Import Request.
  Time since last request: 0.000080 seconds.
  path: Packages/com.unity.timeline/DocCodeExamples/DocCodeExamples.asmdef
  artifactKey: Guid(9550f6b9c1ac87345a996c43f204fb30) Importer(815301076,1909f56bfc062723c751e8b465ee728b)
Start importing Packages/com.unity.timeline/DocCodeExamples/DocCodeExamples.asmdef using Guid(9550f6b9c1ac87345a996c43f204fb30) Importer(815301076,1909f56bfc062723c751e8b465ee728b)  -> (artifact id: '28603d01d997c68c199bd576781570d9') in 0.011311 seconds 
========================================================================
Received Import Request.
  Time since last request: 0.000047 seconds.
  path: Packages/com.unity.2d.psdimporter/Tests/EditorTests/Unity.2D.Psdimporter.EditorTests.asmdef
  artifactKey: Guid(782c623a3cbd6d940be3a3bcf0d4604b) Importer(815301076,1909f56bfc062723c751e8b465ee728b)
Start importing Packages/com.unity.2d.psdimporter/Tests/EditorTests/Unity.2D.Psdimporter.EditorTests.asmdef using Guid(782c623a3cbd6d940be3a3bcf0d4604b) Importer(815301076,1909f56bfc062723c751e8b465ee728b)  -> (artifact id: 'b8fdb3af871a1a6bfbda7b5ad25dabb4') in 0.012754 seconds 
========================================================================
Received Import Request.
  Time since last request: 0.000036 seconds.
  path: Packages/com.unity.2d.pixel-perfect/Tests/Editor/Unity.2D.PixelPerfect.Editor.Tests.asmdef
  artifactKey: Guid(888ba06868b62bb45b21a41f77c036c7) Importer(815301076,1909f56bfc062723c751e8b465ee728b)
Start importing Packages/com.unity.2d.pixel-perfect/Tests/Editor/Unity.2D.PixelPerfect.Editor.Tests.asmdef using Guid(888ba06868b62bb45b21a41f77c036c7) Importer(815301076,1909f56bfc062723c751e8b465ee728b)  -> (artifact id: 'f30f49a84083e824a072f2914e852c95') in 0.012715 seconds 
========================================================================
Received Import Request.
  Time since last request: 0.000033 seconds.
  path: Packages/com.unity.2d.spriteshape/Runtime/Unity.2D.SpriteShape.Runtime.asmdef
  artifactKey: Guid(caccfbdb442cdc64fa722b4c5585521f) Importer(815301076,1909f56bfc062723c751e8b465ee728b)
Start importing Packages/com.unity.2d.spriteshape/Runtime/Unity.2D.SpriteShape.Runtime.asmdef using Guid(caccfbdb442cdc64fa722b4c5585521f) Importer(815301076,1909f56bfc062723c751e8b465ee728b)  -> (artifact id: '9a7365e2de3f6e69efabeb441e17c177') in 0.009258 seconds 
========================================================================
Received Import Request.
  Time since last request: 0.000048 seconds.
  path: Packages/com.unity.2d.animation/IK/Editor/Unity.2D.IK.Editor.asmdef
  artifactKey: Guid(4237adb6ac177124b8f4a94835b7b4d0) Importer(815301076,1909f56bfc062723c751e8b465ee728b)
Start importing Packages/com.unity.2d.animation/IK/Editor/Unity.2D.IK.Editor.asmdef using Guid(4237adb6ac177124b8f4a94835b7b4d0) Importer(815301076,1909f56bfc062723c751e8b465ee728b)  -> (artifact id: '8b175f5a5ecb5e88d1e79d278fd77cc9') in 0.008768 seconds 
========================================================================
Received Import Request.
  Time since last request: 0.000037 seconds.
  path: Packages/com.unity.2d.path/Editor/Unity.2D.Path.Editor.asmdef
  artifactKey: Guid(4237adb6ac177124b8f4a94835b7b455) Importer(815301076,1909f56bfc062723c751e8b465ee728b)
Start importing Packages/com.unity.2d.path/Editor/Unity.2D.Path.Editor.asmdef using Guid(4237adb6ac177124b8f4a94835b7b455) Importer(815301076,1909f56bfc062723c751e8b465ee728b)  -> (artifact id: 'c33c707c4dd7558b06bdcde2c7b67141') in 0.010961 seconds 
========================================================================
Received Import Request.
  Time since last request: 0.000036 seconds.
  path: Packages/com.unity.2d.animation/Runtime/Unity.2D.Animation.Runtime.asmdef
  artifactKey: Guid(41524c21c95e5fe4dbc5b48bd21995a4) Importer(815301076,1909f56bfc062723c751e8b465ee728b)
Start importing Packages/com.unity.2d.animation/Runtime/Unity.2D.Animation.Runtime.asmdef using Guid(41524c21c95e5fe4dbc5b48bd21995a4) Importer(815301076,1909f56bfc062723c751e8b465ee728b)  -> (artifact id: 'a62b039614ff8073f021c614c141deff') in 0.009280 seconds 
========================================================================
Received Import Request.
  Time since last request: 0.000027 seconds.
  path: Packages/com.unity.2d.pixel-perfect/Editor/Unity.2D.PixelPerfect.Editor.asmdef
  artifactKey: Guid(2543b18169f9e4044a266a0bf35fe4cf) Importer(815301076,1909f56bfc062723c751e8b465ee728b)
Start importing Packages/com.unity.2d.pixel-perfect/Editor/Unity.2D.PixelPerfect.Editor.asmdef using Guid(2543b18169f9e4044a266a0bf35fe4cf) Importer(815301076,1909f56bfc062723c751e8b465ee728b)  -> (artifact id: '6b88e02ee2fda2655c1f396877d32796') in 0.008358 seconds 
========================================================================
Received Import Request.
  Time since last request: 0.000033 seconds.
  path: Packages/com.unity.2d.common/Runtime/InternalBridge/InternalBridgeDef.asmdef
  artifactKey: Guid(e4b228dab700203488a7c7d474a25838) Importer(815301076,1909f56bfc062723c751e8b465ee728b)
Start importing Packages/com.unity.2d.common/Runtime/InternalBridge/InternalBridgeDef.asmdef using Guid(e4b228dab700203488a7c7d474a25838) Importer(815301076,1909f56bfc062723c751e8b465ee728b)  -> (artifact id: '03f13f0bb471394d095e289e85f6b45f') in 0.003900 seconds 
========================================================================
Received Import Request.
  Time since last request: 0.000044 seconds.
  path: Packages/com.unity.2d.pixel-perfect/Runtime/Unity.2D.PixelPerfect.asmdef
  artifactKey: Guid(476f7c6c6dfeed041b063446a926e656) Importer(815301076,1909f56bfc062723c751e8b465ee728b)
Start importing Packages/com.unity.2d.pixel-perfect/Runtime/Unity.2D.PixelPerfect.asmdef using Guid(476f7c6c6dfeed041b063446a926e656) Importer(815301076,1909f56bfc062723c751e8b465ee728b)  -> (artifact id: 'f86906705880671c44e153f09b3ca18e') in 0.010990 seconds 
========================================================================
Received Import Request.
  Time since last request: 0.000029 seconds.
  path: Packages/com.unity.2d.spriteshape/Editor/Unity.2D.SpriteShape.Editor.asmdef
  artifactKey: Guid(bfbb4a459210651499d21f444f9b55fd) Importer(815301076,1909f56bfc062723c751e8b465ee728b)
Start importing Packages/com.unity.2d.spriteshape/Editor/Unity.2D.SpriteShape.Editor.asmdef using Guid(bfbb4a459210651499d21f444f9b55fd) Importer(815301076,1909f56bfc062723c751e8b465ee728b)  -> (artifact id: '9c99cb7e3d8e547fbe31366b43385cb2') in 0.010647 seconds 
========================================================================
Received Import Request.
  Time since last request: 0.000048 seconds.
  path: Packages/com.unity.2d.spriteshape/Tests/Editor/Unity.2D.SpriteShape.EditorTests.asmdef
  artifactKey: Guid(03bfc083748b8452197dde3b8ea7f575) Importer(815301076,1909f56bfc062723c751e8b465ee728b)
Start importing Packages/com.unity.2d.spriteshape/Tests/Editor/Unity.2D.SpriteShape.EditorTests.asmdef using Guid(03bfc083748b8452197dde3b8ea7f575) Importer(815301076,1909f56bfc062723c751e8b465ee728b)  -> (artifact id: 'dd11d5dc81b190907c6a5db68b3b0bf4') in 0.008531 seconds 
========================================================================
Received Import Request.
  Time since last request: 0.649695 seconds.
  path: Packages/com.unity.2d.tilemap/Editor/Unity.2D.Tilemap.Editor.asmdef
  artifactKey: Guid(3a9781db4804a9945b9883f3a7c46d45) Importer(815301076,1909f56bfc062723c751e8b465ee728b)
Start importing Packages/com.unity.2d.tilemap/Editor/Unity.2D.Tilemap.Editor.asmdef using Guid(3a9781db4804a9945b9883f3a7c46d45) Importer(815301076,1909f56bfc062723c751e8b465ee728b)  -> (artifact id: '297ac59c38a5002cef1ff55aa77f07ff') in 0.007908 seconds 
========================================================================
Received Import Request.
  Time since last request: 0.000037 seconds.
  path: Packages/com.unity.2d.tilemap.extras/Editor/Unity.2D.Tilemap.Extras.Editor.asmdef
  artifactKey: Guid(cbdf09464b6b87745be748a67e5a21a0) Importer(815301076,1909f56bfc062723c751e8b465ee728b)
Start importing Packages/com.unity.2d.tilemap.extras/Editor/Unity.2D.Tilemap.Extras.Editor.asmdef using Guid(cbdf09464b6b87745be748a67e5a21a0) Importer(815301076,1909f56bfc062723c751e8b465ee728b)  -> (artifact id: 'd13c979bffc45609ff8589a42eefd03d') in 0.010103 seconds 
========================================================================
Received Import Request.
  Time since last request: 0.000038 seconds.
  path: Packages/com.unity.burst/Runtime/Unity.Burst.asmdef
  artifactKey: Guid(2665a8d13d1b3f18800f46e256720795) Importer(815301076,1909f56bfc062723c751e8b465ee728b)
Start importing Packages/com.unity.burst/Runtime/Unity.Burst.asmdef using Guid(2665a8d13d1b3f18800f46e256720795) Importer(815301076,1909f56bfc062723c751e8b465ee728b)  -> (artifact id: '5d6cc46e11abcbdc19604d411cb0e455') in 0.007865 seconds 
========================================================================
Received Import Request.
  Time since last request: 41.327805 seconds.
  path: Assets/Scripts/Editor/EditorPatterns.cs
  artifactKey: Guid(cdc016560bc04ef42bc12f5bdd639f53) Importer(815301076,1909f56bfc062723c751e8b465ee728b)
Start importing Assets/Scripts/Editor/EditorPatterns.cs using Guid(cdc016560bc04ef42bc12f5bdd639f53) Importer(815301076,1909f56bfc062723c751e8b465ee728b)  -> (artifact id: 'da22685bc2dffce05cafe91be627f293') in 0.008621 seconds 
========================================================================
Received Import Request.
  Time since last request: 0.001469 seconds.
  path: Assets/Scripts/Editor/EditorAsm.asmdef
  artifactKey: Guid(eeb277dbb9a23464d83547173ef32568) Importer(815301076,1909f56bfc062723c751e8b465ee728b)
Start importing Assets/Scripts/Editor/EditorAsm.asmdef using Guid(eeb277dbb9a23464d83547173ef32568) Importer(815301076,1909f56bfc062723c751e8b465ee728b)  -> (artifact id: '202f97f723b68581ce16a7fea7eb474f') in 0.004087 seconds 
========================================================================
Received Import Request.
  Time since last request: 3.766301 seconds.
  path: Assets/Scripts/Editor/EnemyShipDataEditor.cs
  artifactKey: Guid(7761cee31f9a8ea4894c64e5bebc2ea3) Importer(815301076,1909f56bfc062723c751e8b465ee728b)
Start importing Assets/Scripts/Editor/EnemyShipDataEditor.cs using Guid(7761cee31f9a8ea4894c64e5bebc2ea3) Importer(815301076,1909f56bfc062723c751e8b465ee728b)  -> (artifact id: '2de02498ec9f7af5fbbe5002a51b46ea') in 0.007356 seconds 
========================================================================
Received Import Request.
  Time since last request: 71.777128 seconds.
  path: Assets/Scripts/Enemies/EnemyContainer.cs
  artifactKey: Guid(3db26913e8b6c674d8e0df2f756ba6f1) Importer(815301076,1909f56bfc062723c751e8b465ee728b)
Start importing Assets/Scripts/Enemies/EnemyContainer.cs using Guid(3db26913e8b6c674d8e0df2f756ba6f1) Importer(815301076,1909f56bfc062723c751e8b465ee728b)  -> (artifact id: '3b4940ed18f08005e1bb507197f7e287') in 0.006645 seconds 
========================================================================
Received Import Request.
  Time since last request: 22.458238 seconds.
  path: Assets/Scripts/New Folder
  artifactKey: Guid(09a4ec085198c664887482bda1282033) Importer(815301076,1909f56bfc062723c751e8b465ee728b)
Start importing Assets/Scripts/New Folder using Guid(09a4ec085198c664887482bda1282033) Importer(815301076,1909f56bfc062723c751e8b465ee728b)  -> (artifact id: 'bc9b48ac57d929bb4842274e8fcff082') in 0.007522 seconds 
========================================================================
Received Import Request.
  Time since last request: 11.017748 seconds.
  path: Assets/Scripts/Level
  artifactKey: Guid(09a4ec085198c664887482bda1282033) Importer(815301076,1909f56bfc062723c751e8b465ee728b)
Start importing Assets/Scripts/Level using Guid(09a4ec085198c664887482bda1282033) Importer(815301076,1909f56bfc062723c751e8b465ee728b)  -> (artifact id: '3e56e50b7a76fa1f384031d9c8dc46d8') in 0.006665 seconds 
========================================================================
Received Import Request.
  Time since last request: 1.403187 seconds.
  path: Assets/Scripts/GameSettings.cs
  artifactKey: Guid(36ad56e037ac625469fd0d7961128092) Importer(815301076,1909f56bfc062723c751e8b465ee728b)
Start importing Assets/Scripts/GameSettings.cs using Guid(36ad56e037ac625469fd0d7961128092) Importer(815301076,1909f56bfc062723c751e8b465ee728b)  -> (artifact id: 'd0cc1f1857a071a696a90a22764a471a') in 0.006581 seconds 
========================================================================
Received Import Request.
  Time since last request: 0.322686 seconds.
  path: Assets/Scripts/SessionData.cs
  artifactKey: Guid(2068d9047584c514ea99c2916a3ee9d6) Importer(815301076,1909f56bfc062723c751e8b465ee728b)
Start importing Assets/Scripts/SessionData.cs using Guid(2068d9047584c514ea99c2916a3ee9d6) Importer(815301076,1909f56bfc062723c751e8b465ee728b)  -> (artifact id: 'd223174f7350c1ab2999e3441e100def') in 0.006626 seconds 
========================================================================
Received Import Request.
  Time since last request: 5.017239 seconds.
  path: Assets/Scripts/Global
  artifactKey: Guid(09a4ec085198c664887482bda1282033) Importer(815301076,1909f56bfc062723c751e8b465ee728b)
Start importing Assets/Scripts/Global using Guid(09a4ec085198c664887482bda1282033) Importer(815301076,1909f56bfc062723c751e8b465ee728b)  -> (artifact id: '5091ac0b32a166f459591099f3dcf88f') in 0.007130 seconds 
========================================================================
Received Import Request.
  Time since last request: 13.038481 seconds.
  path: Assets/Scripts/Global/Global.asmdef
  artifactKey: Guid(afd8aaca21805db45934fa6d68fad8dd) Importer(815301076,1909f56bfc062723c751e8b465ee728b)
Start importing Assets/Scripts/Global/Global.asmdef using Guid(afd8aaca21805db45934fa6d68fad8dd) Importer(815301076,1909f56bfc062723c751e8b465ee728b)  -> (artifact id: '5a70996d1234fa26e44868f36496996f') in 0.002763 seconds 
========================================================================
Received Import Request.
  Time since last request: 73.472633 seconds.
  path: Assets/Scripts/Environment/Spawners/SpawnersAsm.asmdef
  artifactKey: Guid(cbadc651fd7d82a4680398f6dd38d7ee) Importer(815301076,1909f56bfc062723c751e8b465ee728b)
Start importing Assets/Scripts/Environment/Spawners/SpawnersAsm.asmdef using Guid(cbadc651fd7d82a4680398f6dd38d7ee) Importer(815301076,1909f56bfc062723c751e8b465ee728b)  -> (artifact id: '6f4a0d079e133c161a0cdd7a214d5861') in 0.002874 seconds 
========================================================================
Received Import Request.
  Time since last request: 9.517987 seconds.
  path: Assets/Scripts/Global/GlobalAsm.asmdef
  artifactKey: Guid(afd8aaca21805db45934fa6d68fad8dd) Importer(815301076,1909f56bfc062723c751e8b465ee728b)
Start importing Assets/Scripts/Global/GlobalAsm.asmdef using Guid(afd8aaca21805db45934fa6d68fad8dd) Importer(815301076,1909f56bfc062723c751e8b465ee728b)  -> (artifact id: '04b38db52d4e58d405c1745b89b44738') in 0.007760 seconds 
========================================================================
Received Import Request.
  Time since last request: 27.253436 seconds.
  path: Assets/Scripts/Environment/Spawners/SpawnersAsm.asmdef
  artifactKey: Guid(cbadc651fd7d82a4680398f6dd38d7ee) Importer(815301076,1909f56bfc062723c751e8b465ee728b)
Start importing Assets/Scripts/Environment/Spawners/SpawnersAsm.asmdef using Guid(cbadc651fd7d82a4680398f6dd38d7ee) Importer(815301076,1909f56bfc062723c751e8b465ee728b)  -> (artifact id: '0cb3b402cc4a249a2e48a0ac7b693d20') in 0.002743 seconds 
========================================================================
Received Import Request.
  Time since last request: 35.184825 seconds.
  path: Assets/Scripts/Enemies/EnemiesAsm.asmdef
  artifactKey: Guid(f613648e96d444b47abff4dfc035dde8) Importer(815301076,1909f56bfc062723c751e8b465ee728b)
Start importing Assets/Scripts/Enemies/EnemiesAsm.asmdef using Guid(f613648e96d444b47abff4dfc035dde8) Importer(815301076,1909f56bfc062723c751e8b465ee728b)  -> (artifact id: '7513219194f6a64d410f6e2d8337a4bc') in 0.003150 seconds 
========================================================================
Received Import Request.
  Time since last request: 62.325895 seconds.
  path: Assets/Scripts/Editor/EditorAsm.asmdef
  artifactKey: Guid(eeb277dbb9a23464d83547173ef32568) Importer(815301076,1909f56bfc062723c751e8b465ee728b)
Start importing Assets/Scripts/Editor/EditorAsm.asmdef using Guid(eeb277dbb9a23464d83547173ef32568) Importer(815301076,1909f56bfc062723c751e8b465ee728b)  -> (artifact id: 'ed74a3e31134b0d55c1abc5ce740d7c6') in 0.003259 seconds 
========================================================================
Received Import Request.
  Time since last request: 87.973124 seconds.
  path: Assets/Scripts/PlayerShip/PlayerShipAsm.asmdef
  artifactKey: Guid(85077a101651db94d84ec738028b8bb9) Importer(815301076,1909f56bfc062723c751e8b465ee728b)
Start importing Assets/Scripts/PlayerShip/PlayerShipAsm.asmdef using Guid(85077a101651db94d84ec738028b8bb9) Importer(815301076,1909f56bfc062723c751e8b465ee728b)  -> (artifact id: '1bf3c1a9b43555fec8ab47a80fe8ac09') in 0.006784 seconds 
========================================================================
Received Import Request.
  Time since last request: 31.082943 seconds.
  path: Assets/Scripts/UI/UIAsm.asmdef
  artifactKey: Guid(d1ce2eb3ac62f3f4daa47d8ff8450334) Importer(815301076,1909f56bfc062723c751e8b465ee728b)
Start importing Assets/Scripts/UI/UIAsm.asmdef using Guid(d1ce2eb3ac62f3f4daa47d8ff8450334) Importer(815301076,1909f56bfc062723c751e8b465ee728b)  -> (artifact id: '7de681756be63d24324f1af7efceb621') in 0.002706 seconds 
========================================================================
Received Import Request.
  Time since last request: 47.852558 seconds.
  path: Assets/Scripts/Movement/MovementAsm.asmdef
  artifactKey: Guid(77f3760ed757d58438fc81db050fee3d) Importer(815301076,1909f56bfc062723c751e8b465ee728b)
Start importing Assets/Scripts/Movement/MovementAsm.asmdef using Guid(77f3760ed757d58438fc81db050fee3d) Importer(815301076,1909f56bfc062723c751e8b465ee728b)  -> (artifact id: '32f70acd9c6cce8b18e7b21af3c2d9bd') in 0.002774 seconds 
========================================================================
Received Import Request.
  Time since last request: 42.116027 seconds.
  path: Assets/Scripts/Weapons/WeaponsAsm.asmdef
  artifactKey: Guid(2872c965144382a438a549afd2ec27f6) Importer(815301076,1909f56bfc062723c751e8b465ee728b)
Start importing Assets/Scripts/Weapons/WeaponsAsm.asmdef using Guid(2872c965144382a438a549afd2ec27f6) Importer(815301076,1909f56bfc062723c751e8b465ee728b)  -> (artifact id: '721911e9889443213e8fca793cdf4230') in 0.002806 seconds 
========================================================================
Received Import Request.
  Time since last request: 21.217492 seconds.
  path: Assets/Scripts/Global/GlobalAsm.asmdef
  artifactKey: Guid(afd8aaca21805db45934fa6d68fad8dd) Importer(815301076,1909f56bfc062723c751e8b465ee728b)
Start importing Assets/Scripts/Global/GlobalAsm.asmdef using Guid(afd8aaca21805db45934fa6d68fad8dd) Importer(815301076,1909f56bfc062723c751e8b465ee728b)  -> (artifact id: '17e2708a85666fb02c3468d75bfe2217') in 0.003571 seconds 
========================================================================
Received Import Request.
  Time since last request: 334.314008 seconds.
  path: Assets/Scripts/EngineAsm.asmdef
  artifactKey: Guid(41b6e33a9430a09489d13c0c891f628b) Importer(815301076,1909f56bfc062723c751e8b465ee728b)
Start importing Assets/Scripts/EngineAsm.asmdef using Guid(41b6e33a9430a09489d13c0c891f628b) Importer(815301076,1909f56bfc062723c751e8b465ee728b)  -> (artifact id: '190fac182d81b5d0c94ad1e947701732') in 0.009252 seconds 
========================================================================
Received Import Request.
  Time since last request: 91.593964 seconds.
  path: Assets/Scripts/Movement/IPositionAdapter.cs
  artifactKey: Guid(ef57eef04cb93c9448b481a4f244beb4) Importer(815301076,1909f56bfc062723c751e8b465ee728b)
Start importing Assets/Scripts/Movement/IPositionAdapter.cs using Guid(ef57eef04cb93c9448b481a4f244beb4) Importer(815301076,1909f56bfc062723c751e8b465ee728b)  -> (artifact id: '1ee665237df4654001dea23cf2ba157f') in 0.006692 seconds 
========================================================================
Received Import Request.
  Time since last request: 70.736157 seconds.
  path: Assets/TextMesh Pro/Resources/Fonts & Materials/LiberationSans SDF - Fallback.asset
  artifactKey: Guid(2e498d1c8094910479dc3e1b768306a4) Importer(815301076,1909f56bfc062723c751e8b465ee728b)
Start importing Assets/TextMesh Pro/Resources/Fonts & Materials/LiberationSans SDF - Fallback.asset using Guid(2e498d1c8094910479dc3e1b768306a4) Importer(815301076,1909f56bfc062723c751e8b465ee728b)  -> (artifact id: '0138cb4aa5841fa638db31bc22925da3') in 0.188308 seconds 
========================================================================
Received Import Request.
  Time since last request: 11.931868 seconds.
  path: Assets/Scripts/Editor/EditorAsm.asmdef
  artifactKey: Guid(eeb277dbb9a23464d83547173ef32568) Importer(815301076,1909f56bfc062723c751e8b465ee728b)
Start importing Assets/Scripts/Editor/EditorAsm.asmdef using Guid(eeb277dbb9a23464d83547173ef32568) Importer(815301076,1909f56bfc062723c751e8b465ee728b)  -> (artifact id: '97aa03feb52b5274452804c12777a074') in 0.002895 seconds 
========================================================================
Received Import Request.
  Time since last request: 56.237731 seconds.
  path: Assets/Scripts/EngineAsm.asmdef
  artifactKey: Guid(41b6e33a9430a09489d13c0c891f628b) Importer(815301076,1909f56bfc062723c751e8b465ee728b)
Start importing Assets/Scripts/EngineAsm.asmdef using Guid(41b6e33a9430a09489d13c0c891f628b) Importer(815301076,1909f56bfc062723c751e8b465ee728b)  -> (artifact id: 'a1e4ddf330cb7237efb86c3d0d4a5ec6') in 0.003331 seconds 
========================================================================
Received Import Request.
  Time since last request: 18.778027 seconds.
  path: Packages/com.unity.textmeshpro/Scripts/Runtime/Unity.TextMeshPro.asmdef
  artifactKey: Guid(6055be8ebefd69e48b49212b09b47b2f) Importer(815301076,1909f56bfc062723c751e8b465ee728b)
Start importing Packages/com.unity.textmeshpro/Scripts/Runtime/Unity.TextMeshPro.asmdef using Guid(6055be8ebefd69e48b49212b09b47b2f) Importer(815301076,1909f56bfc062723c751e8b465ee728b)  -> (artifact id: '5ba9af1aeebfc5922f5bb7cda691e688') in 0.008544 seconds 
========================================================================
Received Import Request.
  Time since last request: 0.000031 seconds.
  path: Packages/com.unity.textmeshpro/Tests/Editor/Unity.TextMeshPro.Editor.Tests.asmdef
  artifactKey: Guid(656e461844099ae43a609ff6109b0877) Importer(815301076,1909f56bfc062723c751e8b465ee728b)
Start importing Packages/com.unity.textmeshpro/Tests/Editor/Unity.TextMeshPro.Editor.Tests.asmdef using Guid(656e461844099ae43a609ff6109b0877) Importer(815301076,1909f56bfc062723c751e8b465ee728b)  -> (artifact id: '379694b18858b5add4975c706afaa105') in 0.008229 seconds 
========================================================================
Received Import Request.
  Time since last request: 17.842196 seconds.
  path: Assets/Scripts/Asteroids.asmdef
  artifactKey: Guid(41b6e33a9430a09489d13c0c891f628b) Importer(815301076,1909f56bfc062723c751e8b465ee728b)
Start importing Assets/Scripts/Asteroids.asmdef using Guid(41b6e33a9430a09489d13c0c891f628b) Importer(815301076,1909f56bfc062723c751e8b465ee728b)  -> (artifact id: '978c998b3a2229441f2a32bdeda80603') in 0.008180 seconds 
========================================================================
Received Import Request.
  Time since last request: 12.599446 seconds.
  path: Assets/Scripts/Editor/Asteroids.Editor.asmdef
  artifactKey: Guid(eeb277dbb9a23464d83547173ef32568) Importer(815301076,1909f56bfc062723c751e8b465ee728b)
Start importing Assets/Scripts/Editor/Asteroids.Editor.asmdef using Guid(eeb277dbb9a23464d83547173ef32568) Importer(815301076,1909f56bfc062723c751e8b465ee728b)  -> (artifact id: '779e3cbda33b051fa1dc53d24e63f0de') in 0.006234 seconds 
========================================================================
Received Import Request.
  Time since last request: 4.237964 seconds.
  path: Assets/Scripts/Editor/Asteroids.Editor.asmdef
  artifactKey: Guid(eeb277dbb9a23464d83547173ef32568) Importer(815301076,1909f56bfc062723c751e8b465ee728b)
Start importing Assets/Scripts/Editor/Asteroids.Editor.asmdef using Guid(eeb277dbb9a23464d83547173ef32568) Importer(815301076,1909f56bfc062723c751e8b465ee728b)  -> (artifact id: '9f16348e166bd285f2f4a00594cda70f') in 0.002694 seconds 
========================================================================
Received Import Request.
  Time since last request: 17.202523 seconds.
  path: Packages/com.unity.ugui/Editor/UnityEditor.UI.asmdef
  artifactKey: Guid(343deaaf83e0cee4ca978e7df0b80d21) Importer(815301076,1909f56bfc062723c751e8b465ee728b)
Start importing Packages/com.unity.ugui/Editor/UnityEditor.UI.asmdef using Guid(343deaaf83e0cee4ca978e7df0b80d21) Importer(815301076,1909f56bfc062723c751e8b465ee728b)  -> (artifact id: '884bbb89599a2f00ece4b292cf140055') in 0.009084 seconds 
========================================================================
Received Import Request.
  Time since last request: 0.000022 seconds.
  path: Packages/com.unity.ugui/Runtime/UnityEngine.UI.asmdef
  artifactKey: Guid(2bafac87e7f4b9b418d9448d219b01ab) Importer(815301076,1909f56bfc062723c751e8b465ee728b)
Start importing Packages/com.unity.ugui/Runtime/UnityEngine.UI.asmdef using Guid(2bafac87e7f4b9b418d9448d219b01ab) Importer(815301076,1909f56bfc062723c751e8b465ee728b)  -> (artifact id: '577ec10f16c9e083863cbef3e2b04857') in 0.008131 seconds 
========================================================================
Received Import Request.
  Time since last request: 1.024964 seconds.
  path: Packages/com.unity.burst/Editor/Unity.Burst.Editor.asmdef
  artifactKey: Guid(b75d3cd3037d383a8d1e2f9a26d73d8a) Importer(815301076,1909f56bfc062723c751e8b465ee728b)
Start importing Packages/com.unity.burst/Editor/Unity.Burst.Editor.asmdef using Guid(b75d3cd3037d383a8d1e2f9a26d73d8a) Importer(815301076,1909f56bfc062723c751e8b465ee728b)  -> (artifact id: 'efba5318f04ec501a1f728ddfd27754f') in 0.007351 seconds 
========================================================================
Received Import Request.
  Time since last request: 0.000028 seconds.
  path: Packages/com.unity.burst/Tests/Runtime/Unity.Burst.Tests.asmdef
  artifactKey: Guid(725d36de53dc30f9a00742ae18029bcc) Importer(815301076,1909f56bfc062723c751e8b465ee728b)
Start importing Packages/com.unity.burst/Tests/Runtime/Unity.Burst.Tests.asmdef using Guid(725d36de53dc30f9a00742ae18029bcc) Importer(815301076,1909f56bfc062723c751e8b465ee728b)  -> (artifact id: 'd27e5a7ec40890cf5f937835e1027c46') in 0.010233 seconds 
========================================================================
Received Import Request.
  Time since last request: 0.266330 seconds.
  path: Packages/com.unity.collab-proxy/Tests/Editor/Collaborate/Unity.CollabProxy.EditorTests.asmdef
  artifactKey: Guid(88c7566234a7f32409f05c32e6ae7b3e) Importer(815301076,1909f56bfc062723c751e8b465ee728b)
Start importing Packages/com.unity.collab-proxy/Tests/Editor/Collaborate/Unity.CollabProxy.EditorTests.asmdef using Guid(88c7566234a7f32409f05c32e6ae7b3e) Importer(815301076,1909f56bfc062723c751e8b465ee728b)  -> (artifact id: '556fad15ebebda5b1ea0c02a288f41d2') in 0.006708 seconds 
========================================================================
Received Import Request.
  Time since last request: 2.251997 seconds.
  path: Packages/com.unity.mathematics/Tests/Unity.Mathematics.Tests.asmdef
  artifactKey: Guid(904d80dccad704a3f95e42bd0ad5d960) Importer(815301076,1909f56bfc062723c751e8b465ee728b)
Start importing Packages/com.unity.mathematics/Tests/Unity.Mathematics.Tests.asmdef using Guid(904d80dccad704a3f95e42bd0ad5d960) Importer(815301076,1909f56bfc062723c751e8b465ee728b)  -> (artifact id: '0147cf8a63464dff8069d6c36de6acd3') in 0.009242 seconds 
========================================================================
Received Import Request.
  Time since last request: 0.000025 seconds.
  path: Packages/com.unity.visualscripting/Editor/VisualScripting.State/Unity.VisualScripting.State.Editor.asmdef
  artifactKey: Guid(f10496e9d78b943308af5e7e9e4543c8) Importer(815301076,1909f56bfc062723c751e8b465ee728b)
Start importing Packages/com.unity.visualscripting/Editor/VisualScripting.State/Unity.VisualScripting.State.Editor.asmdef using Guid(f10496e9d78b943308af5e7e9e4543c8) Importer(815301076,1909f56bfc062723c751e8b465ee728b)  -> (artifact id: '564d69c13e4e91210a535478f73920cc') in 0.009493 seconds 
========================================================================
Received Import Request.
  Time since last request: 0.000118 seconds.
  path: Packages/com.unity.test-framework/UnityEngine.TestRunner/UnityEngine.TestRunner.asmdef
  artifactKey: Guid(27619889b8ba8c24980f49ee34dbb44a) Importer(815301076,1909f56bfc062723c751e8b465ee728b)
Start importing Packages/com.unity.test-framework/UnityEngine.TestRunner/UnityEngine.TestRunner.asmdef using Guid(27619889b8ba8c24980f49ee34dbb44a) Importer(815301076,1909f56bfc062723c751e8b465ee728b)  -> (artifact id: '405db6c9575bd5edd89736b08606aa35') in 0.008266 seconds 
========================================================================
Received Import Request.
  Time since last request: 5.819236 seconds.
  path: Assets/Scripts/Asteroids.asmdef
  artifactKey: Guid(41b6e33a9430a09489d13c0c891f628b) Importer(815301076,1909f56bfc062723c751e8b465ee728b)
Start importing Assets/Scripts/Asteroids.asmdef using Guid(41b6e33a9430a09489d13c0c891f628b) Importer(815301076,1909f56bfc062723c751e8b465ee728b)  -> (artifact id: '5cc22b3e8ebf783a3de31cdc6abe6392') in 0.002548 seconds 
========================================================================
Received Prepare
Registering precompiled user dll's ...
Registered in 0.006134 seconds.
Begin MonoManager ReloadAssembly
Symbol file LoadedFromMemory doesn't match image C:\Users\tkhab\Documents\Unity Projects\Asteroids\Library\PackageCache\com.unity.visualscripting@1.7.6\Editor\VisualScripting.Core\Dependencies\YamlDotNet\Unity.VisualScripting.YamlDotNet.dll
Symbol file LoadedFromMemory is not a mono symbol file
Symbol file LoadedFromMemory doesn't match image C:\Users\tkhab\Documents\Unity Projects\Asteroids\Library\PackageCache\com.unity.visualscripting@1.7.6\Editor\VisualScripting.Core\Dependencies\DotNetZip\Unity.VisualScripting.IonicZip.dll
Native extension for WindowsStandalone target not found
Native extension for Android target not found
Native extension for WebGL target not found
Refreshing native plugins compatible for Editor in 0.91 ms, found 4 plugins.
Preloading 0 native plugins for Editor in 0.00 ms.
Mono: successfully reloaded assembly
- Completed reload, in  1.235 seconds
Domain Reload Profiling:
	ReloadAssembly (1236ms)
		BeginReloadAssembly (175ms)
			ExecutionOrderSort (0ms)
			DisableScriptedObjects (6ms)
			BackupInstance (0ms)
			ReleaseScriptingObjects (0ms)
			CreateAndSetChildDomain (52ms)
		EndReloadAssembly (938ms)
			LoadAssemblies (129ms)
			RebuildTransferFunctionScriptingTraits (0ms)
			SetupTypeCache (279ms)
			ReleaseScriptCaches (2ms)
			RebuildScriptCaches (59ms)
			SetupLoadedEditorAssemblies (411ms)
				LogAssemblyErrors (0ms)
				InitializePlatformSupportModulesInManaged (30ms)
				SetLoadedEditorAssemblies (1ms)
				RefreshPlugins (1ms)
				BeforeProcessingInitializeOnLoad (97ms)
				ProcessInitializeOnLoadAttributes (232ms)
				ProcessInitializeOnLoadMethodAttributes (42ms)
				AfterProcessingInitializeOnLoad (9ms)
				EditorAssembliesLoaded (0ms)
			ExecutionOrderSort2 (0ms)
			AwakeInstancesAfterBackupRestoration (14ms)
Platform modules already initialized, skipping
Refreshing native plugins compatible for Editor in 2.57 ms, found 4 plugins.
Preloading 0 native plugins for Editor in 0.00 ms.
Unloading 3977 Unused Serialized files (Serialized files now loaded: 0)
Unloading 27 unused Assets / (192.9 KB). Loaded Objects now: 4500.
Memory consumption went from 154.6 MB to 154.4 MB.
Total: 6.095600 ms (FindLiveObjects: 0.467900 ms CreateObjectMapping: 0.282000 ms MarkObjects: 5.193800 ms  DeleteObjects: 0.150600 ms)

AssetImportParameters requested are different than current active one (requested -> active):
  custom:video-decoder-ogg-theora: a1e56fd34408186e4bbccfd4996cb3dc -> 
  custom:container-muxer-webm: aa71ff27fc2769a1b78a27578f13a17b -> 
  custom:container-demuxer-webm: 4f35f7cbe854078d1ac9338744f61a02 -> 
  custom:video-encoder-webm-vp8: eb34c28f22e8b96e1ab97ce403110664 -> 
  custom:video-codec-MediaFoundation-h265: 746d11721c4dcdbdad8f713fa42b33f4 -> 
  custom:audio-encoder-webm-vorbis: bf7c407c2cedff20999df2af8eb42d56 -> 
  custom:framework-win-MediaFoundation: 216162199b28c13a410421893ffa2e32 -> 
  custom:container-demuxer-ogg: 62fdf1f143b41e24485cea50d1cbac27 -> 
  custom:video-decoder-webm-vp8: 9c59270c3fd7afecdb556c50c9e8de78 -> 
  custom:audio-decoder-ogg-vorbis: bf7c407c2cedff20999df2af8eb42d56 -> 
========================================================================
Received Import Request.
  Time since last request: 17.320333 seconds.
  path: Assets/Scripts/Movement/MovementAsm.asmdef
  artifactKey: Guid(77f3760ed757d58438fc81db050fee3d) Importer(815301076,1909f56bfc062723c751e8b465ee728b)
Start importing Assets/Scripts/Movement/MovementAsm.asmdef using Guid(77f3760ed757d58438fc81db050fee3d) Importer(815301076,1909f56bfc062723c751e8b465ee728b)  -> (artifact id: '198b5723b926307fb0434a5f93f7965c') in 0.008667 seconds 
========================================================================
Received Prepare
Registering precompiled user dll's ...
Registered in 0.007325 seconds.
Begin MonoManager ReloadAssembly
Symbol file LoadedFromMemory doesn't match image C:\Users\tkhab\Documents\Unity Projects\Asteroids\Library\PackageCache\com.unity.visualscripting@1.7.6\Editor\VisualScripting.Core\Dependencies\YamlDotNet\Unity.VisualScripting.YamlDotNet.dll
Symbol file LoadedFromMemory is not a mono symbol file
Symbol file LoadedFromMemory doesn't match image C:\Users\tkhab\Documents\Unity Projects\Asteroids\Library\PackageCache\com.unity.visualscripting@1.7.6\Editor\VisualScripting.Core\Dependencies\DotNetZip\Unity.VisualScripting.IonicZip.dll
Native extension for WindowsStandalone target not found
Native extension for Android target not found
Native extension for WebGL target not found
Refreshing native plugins compatible for Editor in 1.25 ms, found 4 plugins.
Preloading 0 native plugins for Editor in 0.00 ms.
Mono: successfully reloaded assembly
- Completed reload, in  1.283 seconds
Domain Reload Profiling:
	ReloadAssembly (1284ms)
		BeginReloadAssembly (180ms)
			ExecutionOrderSort (0ms)
			DisableScriptedObjects (9ms)
			BackupInstance (0ms)
			ReleaseScriptingObjects (0ms)
			CreateAndSetChildDomain (45ms)
		EndReloadAssembly (974ms)
			LoadAssemblies (132ms)
			RebuildTransferFunctionScriptingTraits (0ms)
			SetupTypeCache (259ms)
			ReleaseScriptCaches (1ms)
			RebuildScriptCaches (82ms)
			SetupLoadedEditorAssemblies (455ms)
				LogAssemblyErrors (0ms)
				InitializePlatformSupportModulesInManaged (29ms)
				SetLoadedEditorAssemblies (1ms)
				RefreshPlugins (1ms)
				BeforeProcessingInitializeOnLoad (87ms)
				ProcessInitializeOnLoadAttributes (269ms)
				ProcessInitializeOnLoadMethodAttributes (56ms)
				AfterProcessingInitializeOnLoad (11ms)
				EditorAssembliesLoaded (0ms)
			ExecutionOrderSort2 (0ms)
			AwakeInstancesAfterBackupRestoration (13ms)
Platform modules already initialized, skipping
Refreshing native plugins compatible for Editor in 2.31 ms, found 4 plugins.
Preloading 0 native plugins for Editor in 0.00 ms.
Unloading 3977 Unused Serialized files (Serialized files now loaded: 0)
Unloading 27 unused Assets / (192.9 KB). Loaded Objects now: 4503.
Memory consumption went from 154.6 MB to 154.4 MB.
Total: 4.132000 ms (FindLiveObjects: 0.388900 ms CreateObjectMapping: 0.665600 ms MarkObjects: 2.915300 ms  DeleteObjects: 0.160900 ms)

AssetImportParameters requested are different than current active one (requested -> active):
  custom:video-decoder-ogg-theora: a1e56fd34408186e4bbccfd4996cb3dc -> 
  custom:container-muxer-webm: aa71ff27fc2769a1b78a27578f13a17b -> 
  custom:container-demuxer-webm: 4f35f7cbe854078d1ac9338744f61a02 -> 
  custom:video-encoder-webm-vp8: eb34c28f22e8b96e1ab97ce403110664 -> 
  custom:video-codec-MediaFoundation-h265: 746d11721c4dcdbdad8f713fa42b33f4 -> 
  custom:audio-encoder-webm-vorbis: bf7c407c2cedff20999df2af8eb42d56 -> 
  custom:framework-win-MediaFoundation: 216162199b28c13a410421893ffa2e32 -> 
  custom:container-demuxer-ogg: 62fdf1f143b41e24485cea50d1cbac27 -> 
  custom:video-decoder-webm-vp8: 9c59270c3fd7afecdb556c50c9e8de78 -> 
  custom:audio-decoder-ogg-vorbis: bf7c407c2cedff20999df2af8eb42d56 -> 
========================================================================
Received Prepare
Refreshing native plugins compatible for Editor in 9.14 ms, found 4 plugins.
Preloading 0 native plugins for Editor in 0.00 ms.
Unloading 27 Unused Serialized files (Serialized files now loaded: 0)
Unloading 27 unused Assets / (190.5 KB). Loaded Objects now: 4503.
Memory consumption went from 75.6 MB to 75.4 MB.
Total: 5.306800 ms (FindLiveObjects: 0.585400 ms CreateObjectMapping: 0.432800 ms MarkObjects: 4.022000 ms  DeleteObjects: 0.265300 ms)

AssetImportParameters requested are different than current active one (requested -> active):
  custom:video-decoder-ogg-theora: a1e56fd34408186e4bbccfd4996cb3dc -> 
  custom:container-muxer-webm: aa71ff27fc2769a1b78a27578f13a17b -> 
  custom:container-demuxer-webm: 4f35f7cbe854078d1ac9338744f61a02 -> 
  custom:video-encoder-webm-vp8: eb34c28f22e8b96e1ab97ce403110664 -> 
  custom:video-codec-MediaFoundation-h265: 746d11721c4dcdbdad8f713fa42b33f4 -> 
  custom:audio-encoder-webm-vorbis: bf7c407c2cedff20999df2af8eb42d56 -> 
  custom:framework-win-MediaFoundation: 216162199b28c13a410421893ffa2e32 -> 
  custom:container-demuxer-ogg: 62fdf1f143b41e24485cea50d1cbac27 -> 
  custom:video-decoder-webm-vp8: 9c59270c3fd7afecdb556c50c9e8de78 -> 
  custom:audio-decoder-ogg-vorbis: bf7c407c2cedff20999df2af8eb42d56 -> 
========================================================================
Received Prepare
Registering precompiled user dll's ...
Registered in 0.008007 seconds.
Begin MonoManager ReloadAssembly
Symbol file LoadedFromMemory doesn't match image C:\Users\tkhab\Documents\Unity Projects\Asteroids\Library\PackageCache\com.unity.visualscripting@1.7.6\Editor\VisualScripting.Core\Dependencies\YamlDotNet\Unity.VisualScripting.YamlDotNet.dll
Symbol file LoadedFromMemory is not a mono symbol file
Symbol file LoadedFromMemory doesn't match image C:\Users\tkhab\Documents\Unity Projects\Asteroids\Library\PackageCache\com.unity.visualscripting@1.7.6\Editor\VisualScripting.Core\Dependencies\DotNetZip\Unity.VisualScripting.IonicZip.dll
Native extension for WindowsStandalone target not found
Native extension for Android target not found
Native extension for WebGL target not found
Refreshing native plugins compatible for Editor in 0.71 ms, found 4 plugins.
Preloading 0 native plugins for Editor in 0.00 ms.
Mono: successfully reloaded assembly
- Completed reload, in  1.206 seconds
Domain Reload Profiling:
	ReloadAssembly (1207ms)
		BeginReloadAssembly (170ms)
			ExecutionOrderSort (0ms)
			DisableScriptedObjects (10ms)
			BackupInstance (0ms)
			ReleaseScriptingObjects (0ms)
			CreateAndSetChildDomain (44ms)
		EndReloadAssembly (921ms)
			LoadAssemblies (121ms)
			RebuildTransferFunctionScriptingTraits (0ms)
			SetupTypeCache (276ms)
			ReleaseScriptCaches (1ms)
			RebuildScriptCaches (52ms)
			SetupLoadedEditorAssemblies (422ms)
				LogAssemblyErrors (0ms)
				InitializePlatformSupportModulesInManaged (30ms)
				SetLoadedEditorAssemblies (1ms)
				RefreshPlugins (1ms)
				BeforeProcessingInitializeOnLoad (94ms)
				ProcessInitializeOnLoadAttributes (245ms)
				ProcessInitializeOnLoadMethodAttributes (43ms)
				AfterProcessingInitializeOnLoad (8ms)
				EditorAssembliesLoaded (0ms)
			ExecutionOrderSort2 (0ms)
			AwakeInstancesAfterBackupRestoration (9ms)
Platform modules already initialized, skipping
Refreshing native plugins compatible for Editor in 4.12 ms, found 4 plugins.
Preloading 0 native plugins for Editor in 0.00 ms.
Unloading 3632 Unused Serialized files (Serialized files now loaded: 0)
Unloading 100 unused Assets / (193.1 KB). Loaded Objects now: 4433.
Memory consumption went from 147.6 MB to 147.4 MB.
Total: 3.712200 ms (FindLiveObjects: 0.344500 ms CreateObjectMapping: 0.296200 ms MarkObjects: 2.858000 ms  DeleteObjects: 0.211700 ms)

AssetImportParameters requested are different than current active one (requested -> active):
  custom:video-decoder-ogg-theora: a1e56fd34408186e4bbccfd4996cb3dc -> 
  custom:container-muxer-webm: aa71ff27fc2769a1b78a27578f13a17b -> 
  custom:container-demuxer-webm: 4f35f7cbe854078d1ac9338744f61a02 -> 
  custom:video-encoder-webm-vp8: eb34c28f22e8b96e1ab97ce403110664 -> 
  custom:video-codec-MediaFoundation-h265: 746d11721c4dcdbdad8f713fa42b33f4 -> 
  custom:audio-encoder-webm-vorbis: bf7c407c2cedff20999df2af8eb42d56 -> 
  custom:framework-win-MediaFoundation: 216162199b28c13a410421893ffa2e32 -> 
  custom:container-demuxer-ogg: 62fdf1f143b41e24485cea50d1cbac27 -> 
  custom:video-decoder-webm-vp8: 9c59270c3fd7afecdb556c50c9e8de78 -> 
  custom:audio-decoder-ogg-vorbis: bf7c407c2cedff20999df2af8eb42d56 -> 
========================================================================
Received Prepare
Registering precompiled user dll's ...
Registered in 0.009329 seconds.
Begin MonoManager ReloadAssembly
Symbol file LoadedFromMemory doesn't match image C:\Users\tkhab\Documents\Unity Projects\Asteroids\Library\PackageCache\com.unity.visualscripting@1.7.6\Editor\VisualScripting.Core\Dependencies\YamlDotNet\Unity.VisualScripting.YamlDotNet.dll
Symbol file LoadedFromMemory is not a mono symbol file
Symbol file LoadedFromMemory doesn't match image C:\Users\tkhab\Documents\Unity Projects\Asteroids\Library\PackageCache\com.unity.visualscripting@1.7.6\Editor\VisualScripting.Core\Dependencies\DotNetZip\Unity.VisualScripting.IonicZip.dll
Native extension for WindowsStandalone target not found
Native extension for Android target not found
Native extension for WebGL target not found
Refreshing native plugins compatible for Editor in 0.67 ms, found 4 plugins.
Preloading 0 native plugins for Editor in 0.00 ms.
Mono: successfully reloaded assembly
- Completed reload, in  1.240 seconds
Domain Reload Profiling:
	ReloadAssembly (1241ms)
		BeginReloadAssembly (147ms)
			ExecutionOrderSort (0ms)
			DisableScriptedObjects (8ms)
			BackupInstance (0ms)
			ReleaseScriptingObjects (0ms)
			CreateAndSetChildDomain (41ms)
		EndReloadAssembly (967ms)
			LoadAssemblies (115ms)
			RebuildTransferFunctionScriptingTraits (0ms)
			SetupTypeCache (298ms)
			ReleaseScriptCaches (2ms)
			RebuildScriptCaches (86ms)
			SetupLoadedEditorAssemblies (366ms)
				LogAssemblyErrors (0ms)
				InitializePlatformSupportModulesInManaged (26ms)
				SetLoadedEditorAssemblies (1ms)
				RefreshPlugins (1ms)
				BeforeProcessingInitializeOnLoad (81ms)
				ProcessInitializeOnLoadAttributes (209ms)
				ProcessInitializeOnLoadMethodAttributes (38ms)
				AfterProcessingInitializeOnLoad (11ms)
				EditorAssembliesLoaded (0ms)
			ExecutionOrderSort2 (0ms)
			AwakeInstancesAfterBackupRestoration (10ms)
Platform modules already initialized, skipping
Refreshing native plugins compatible for Editor in 2.16 ms, found 4 plugins.
Preloading 0 native plugins for Editor in 0.00 ms.
Unloading 3595 Unused Serialized files (Serialized files now loaded: 0)
Unloading 27 unused Assets / (192.9 KB). Loaded Objects now: 4436.
Memory consumption went from 146.4 MB to 146.2 MB.
Total: 3.272700 ms (FindLiveObjects: 0.319000 ms CreateObjectMapping: 0.277500 ms MarkObjects: 2.520900 ms  DeleteObjects: 0.154200 ms)

AssetImportParameters requested are different than current active one (requested -> active):
  custom:video-decoder-ogg-theora: a1e56fd34408186e4bbccfd4996cb3dc -> 
  custom:container-muxer-webm: aa71ff27fc2769a1b78a27578f13a17b -> 
  custom:container-demuxer-webm: 4f35f7cbe854078d1ac9338744f61a02 -> 
  custom:video-encoder-webm-vp8: eb34c28f22e8b96e1ab97ce403110664 -> 
  custom:video-codec-MediaFoundation-h265: 746d11721c4dcdbdad8f713fa42b33f4 -> 
  custom:audio-encoder-webm-vorbis: bf7c407c2cedff20999df2af8eb42d56 -> 
  custom:framework-win-MediaFoundation: 216162199b28c13a410421893ffa2e32 -> 
  custom:container-demuxer-ogg: 62fdf1f143b41e24485cea50d1cbac27 -> 
  custom:video-decoder-webm-vp8: 9c59270c3fd7afecdb556c50c9e8de78 -> 
  custom:audio-decoder-ogg-vorbis: bf7c407c2cedff20999df2af8eb42d56 -> 
========================================================================
Received Prepare
Registering precompiled user dll's ...
Registered in 0.008930 seconds.
Begin MonoManager ReloadAssembly
Symbol file LoadedFromMemory is not a mono symbol file
Native extension for WindowsStandalone target not found
Native extension for Android target not found
Native extension for WebGL target not found
Refreshing native plugins compatible for Editor in 0.82 ms, found 3 plugins.
Preloading 0 native plugins for Editor in 0.00 ms.
Mono: successfully reloaded assembly
- Completed reload, in  1.070 seconds
Domain Reload Profiling:
	ReloadAssembly (1070ms)
		BeginReloadAssembly (146ms)
			ExecutionOrderSort (0ms)
			DisableScriptedObjects (8ms)
			BackupInstance (0ms)
			ReleaseScriptingObjects (0ms)
			CreateAndSetChildDomain (41ms)
		EndReloadAssembly (816ms)
			LoadAssemblies (99ms)
			RebuildTransferFunctionScriptingTraits (0ms)
			SetupTypeCache (225ms)
			ReleaseScriptCaches (2ms)
			RebuildScriptCaches (50ms)
			SetupLoadedEditorAssemblies (393ms)
				LogAssemblyErrors (0ms)
				InitializePlatformSupportModulesInManaged (29ms)
				SetLoadedEditorAssemblies (1ms)
				RefreshPlugins (1ms)
				BeforeProcessingInitializeOnLoad (79ms)
				ProcessInitializeOnLoadAttributes (230ms)
				ProcessInitializeOnLoadMethodAttributes (44ms)
				AfterProcessingInitializeOnLoad (10ms)
				EditorAssembliesLoaded (0ms)
			ExecutionOrderSort2 (0ms)
			AwakeInstancesAfterBackupRestoration (10ms)
Platform modules already initialized, skipping
Refreshing native plugins compatible for Editor in 1.70 ms, found 3 plugins.
Preloading 0 native plugins for Editor in 0.00 ms.
Unloading 2023 Unused Serialized files (Serialized files now loaded: 0)
Unloading 881 unused Assets / (226.2 KB). Loaded Objects now: 3581.
Memory consumption went from 114.5 MB to 114.3 MB.
Total: 3.308600 ms (FindLiveObjects: 0.312100 ms CreateObjectMapping: 0.214500 ms MarkObjects: 2.394700 ms  DeleteObjects: 0.386300 ms)

AssetImportParameters requested are different than current active one (requested -> active):
  custom:video-decoder-ogg-theora: a1e56fd34408186e4bbccfd4996cb3dc -> 
  custom:container-muxer-webm: aa71ff27fc2769a1b78a27578f13a17b -> 
  custom:container-demuxer-webm: 4f35f7cbe854078d1ac9338744f61a02 -> 
  custom:video-encoder-webm-vp8: eb34c28f22e8b96e1ab97ce403110664 -> 
  custom:video-codec-MediaFoundation-h265: 746d11721c4dcdbdad8f713fa42b33f4 -> 
  custom:audio-encoder-webm-vorbis: bf7c407c2cedff20999df2af8eb42d56 -> 
  custom:framework-win-MediaFoundation: 216162199b28c13a410421893ffa2e32 -> 
  custom:container-demuxer-ogg: 62fdf1f143b41e24485cea50d1cbac27 -> 
  custom:video-decoder-webm-vp8: 9c59270c3fd7afecdb556c50c9e8de78 -> 
  custom:audio-decoder-ogg-vorbis: bf7c407c2cedff20999df2af8eb42d56 -> 
